2026-01-12 11:59:36.122 [restartedMain] INFO  c.v.c.ConversationApplication - Starting ConversationApplication using Java 17.0.15 with PID 11999 (/home/hridoy/Downloads/conversation/build/classes/java/main started by hridoy in /home/hridoy/Downloads/conversation)
2026-01-12 11:59:36.125 [restartedMain] INFO  c.v.c.ConversationApplication - No active profile set, falling back to 1 default profile: "default"
2026-01-12 11:59:36.159 [restartedMain] INFO  o.s.b.d.e.DevToolsPropertyDefaultsPostProcessor - Devtools property defaults active! Set 'spring.devtools.add-properties' to 'false' to disable
2026-01-12 11:59:36.159 [restartedMain] INFO  o.s.b.d.e.DevToolsPropertyDefaultsPostProcessor - For additional web related logging consider setting the 'logging.level.web' property to 'DEBUG'
2026-01-12 11:59:37.027 [restartedMain] INFO  o.s.d.r.c.RepositoryConfigurationDelegate - Multiple Spring Data modules found, entering strict repository configuration mode
2026-01-12 11:59:37.030 [restartedMain] INFO  o.s.d.r.c.RepositoryConfigurationDelegate - Bootstrapping Spring Data Redis repositories in DEFAULT mode.
2026-01-12 11:59:37.059 [restartedMain] INFO  o.s.d.r.c.RepositoryConfigurationDelegate - Finished Spring Data repository scanning in 11 ms. Found 0 Redis repository interfaces.
2026-01-12 11:59:37.445 [restartedMain] INFO  o.s.b.w.e.tomcat.TomcatWebServer - Tomcat initialized with port 8080 (http)
2026-01-12 11:59:37.454 [restartedMain] INFO  o.a.catalina.core.StandardService - Starting service [Tomcat]
2026-01-12 11:59:37.454 [restartedMain] INFO  o.a.catalina.core.StandardEngine - Starting Servlet engine: [Apache Tomcat/10.1.50]
2026-01-12 11:59:37.493 [restartedMain] INFO  o.a.c.c.C.[Tomcat].[localhost].[/] - Initializing Spring embedded WebApplicationContext
2026-01-12 11:59:37.494 [restartedMain] INFO  o.s.b.w.s.c.ServletWebServerApplicationContext - Root WebApplicationContext: initialization completed in 1335 ms
2026-01-12 11:59:37.640 [restartedMain] INFO  c.v.conversation.config.RedisConfig - Configuring Redis connection to localhost:6379
2026-01-12 11:59:37.949 [restartedMain] INFO  c.v.conversation.config.RedisConfig - RedisTemplate configured with polymorphic JSON serialization
2026-01-12 11:59:37.952 [restartedMain] INFO  c.v.c.config.AwsConfiguration - Initializing Polly client for region: us-east-1
2026-01-12 11:59:38.366 [restartedMain] INFO  c.v.c.config.AwsConfiguration - Initializing Transcribe Streaming client for region: us-east-1
2026-01-12 11:59:38.444 [restartedMain] INFO  c.v.c.config.AwsConfiguration - Initializing Bedrock Runtime client for region: us-east-1
2026-01-12 11:59:38.495 [restartedMain] INFO  c.v.c.config.SecurityConfig - Configuring CORS for origins: [http://localhost:5173, http://localhost:3000]
2026-01-12 11:59:38.920 [restartedMain] INFO  o.s.b.d.a.OptionalLiveReloadServer - LiveReload server is running on port 35729
2026-01-12 11:59:38.925 [restartedMain] INFO  o.s.b.a.e.web.EndpointLinksResolver - Exposing 2 endpoints beneath base path '/actuator'
2026-01-12 11:59:38.969 [restartedMain] INFO  o.s.b.w.e.tomcat.TomcatWebServer - Tomcat started on port 8080 (http) with context path '/'
2026-01-12 11:59:38.987 [restartedMain] INFO  c.v.c.ConversationApplication - Started ConversationApplication in 3.398 seconds (process running for 3.97)
2026-01-12 11:59:39.576 [RMI TCP Connection(4)-127.0.0.1] INFO  o.a.c.c.C.[Tomcat].[localhost].[/] - Initializing Spring DispatcherServlet 'dispatcherServlet'
2026-01-12 11:59:39.577 [RMI TCP Connection(4)-127.0.0.1] INFO  o.s.web.servlet.DispatcherServlet - Initializing Servlet 'dispatcherServlet'
2026-01-12 11:59:39.579 [RMI TCP Connection(4)-127.0.0.1] INFO  o.s.web.servlet.DispatcherServlet - Completed initialization in 2 ms
2026-01-12 12:00:12.586 [http-nio-8080-exec-2] ERROR c.v.c.c.e.GlobalExceptionHandler - Unexpected error: No static resource api/questionnaire/start.
org.springframework.web.servlet.resource.NoResourceFoundException: No static resource api/questionnaire/start.
	at org.springframework.web.servlet.resource.ResourceHttpRequestHandler.handleRequest(ResourceHttpRequestHandler.java:585)
	at org.springframework.web.servlet.mvc.HttpRequestHandlerAdapter.handle(HttpRequestHandlerAdapter.java:52)
	at org.springframework.web.servlet.DispatcherServlet.doDispatch(DispatcherServlet.java:1089)
	at org.springframework.web.servlet.DispatcherServlet.doService(DispatcherServlet.java:979)
	at org.springframework.web.servlet.FrameworkServlet.processRequest(FrameworkServlet.java:1014)
	at org.springframework.web.servlet.FrameworkServlet.doPost(FrameworkServlet.java:914)
	at jakarta.servlet.http.HttpServlet.service(HttpServlet.java:590)
	at org.springframework.web.servlet.FrameworkServlet.service(FrameworkServlet.java:885)
	at jakarta.servlet.http.HttpServlet.service(HttpServlet.java:658)
	at org.apache.catalina.core.ApplicationFilterChain.internalDoFilter(ApplicationFilterChain.java:193)
	at org.apache.catalina.core.ApplicationFilterChain.doFilter(ApplicationFilterChain.java:138)
	at org.apache.tomcat.websocket.server.WsFilter.doFilter(WsFilter.java:51)
	at org.apache.catalina.core.ApplicationFilterChain.internalDoFilter(ApplicationFilterChain.java:162)
	at org.apache.catalina.core.ApplicationFilterChain.doFilter(ApplicationFilterChain.java:138)
	at org.springframework.web.filter.RequestContextFilter.doFilterInternal(RequestContextFilter.java:100)
	at org.springframework.web.filter.OncePerRequestFilter.doFilter(OncePerRequestFilter.java:116)
	at org.apache.catalina.core.ApplicationFilterChain.internalDoFilter(ApplicationFilterChain.java:162)
	at org.apache.catalina.core.ApplicationFilterChain.doFilter(ApplicationFilterChain.java:138)
	at org.springframework.web.filter.FormContentFilter.doFilterInternal(FormContentFilter.java:93)
	at org.springframework.web.filter.OncePerRequestFilter.doFilter(OncePerRequestFilter.java:116)
	at org.apache.catalina.core.ApplicationFilterChain.internalDoFilter(ApplicationFilterChain.java:162)
	at org.apache.catalina.core.ApplicationFilterChain.doFilter(ApplicationFilterChain.java:138)
	at org.springframework.web.filter.ServerHttpObservationFilter.doFilterInternal(ServerHttpObservationFilter.java:110)
	at org.springframework.web.filter.OncePerRequestFilter.doFilter(OncePerRequestFilter.java:116)
	at org.apache.catalina.core.ApplicationFilterChain.internalDoFilter(ApplicationFilterChain.java:162)
	at org.apache.catalina.core.ApplicationFilterChain.doFilter(ApplicationFilterChain.java:138)
	at org.springframework.web.filter.CharacterEncodingFilter.doFilterInternal(CharacterEncodingFilter.java:201)
	at org.springframework.web.filter.OncePerRequestFilter.doFilter(OncePerRequestFilter.java:116)
	at org.apache.catalina.core.ApplicationFilterChain.internalDoFilter(ApplicationFilterChain.java:162)
	at org.apache.catalina.core.ApplicationFilterChain.doFilter(ApplicationFilterChain.java:138)
	at org.apache.catalina.core.StandardWrapperValve.invoke(StandardWrapperValve.java:165)
	at org.apache.catalina.core.StandardContextValve.invoke(StandardContextValve.java:88)
	at org.apache.catalina.authenticator.AuthenticatorBase.invoke(AuthenticatorBase.java:482)
	at org.apache.catalina.core.StandardHostValve.invoke(StandardHostValve.java:113)
	at org.apache.catalina.valves.ErrorReportValve.invoke(ErrorReportValve.java:83)
	at org.apache.catalina.core.StandardEngineValve.invoke(StandardEngineValve.java:72)
	at org.apache.catalina.connector.CoyoteAdapter.service(CoyoteAdapter.java:342)
	at org.apache.coyote.http11.Http11Processor.service(Http11Processor.java:399)
	at org.apache.coyote.AbstractProcessorLight.process(AbstractProcessorLight.java:63)
	at org.apache.coyote.AbstractProtocol$ConnectionHandler.process(AbstractProtocol.java:903)
	at org.apache.tomcat.util.net.NioEndpoint$SocketProcessor.doRun(NioEndpoint.java:1774)
	at org.apache.tomcat.util.net.SocketProcessorBase.run(SocketProcessorBase.java:52)
	at org.apache.tomcat.util.threads.ThreadPoolExecutor.runWorker(ThreadPoolExecutor.java:973)
	at org.apache.tomcat.util.threads.ThreadPoolExecutor$Worker.run(ThreadPoolExecutor.java:491)
	at org.apache.tomcat.util.threads.TaskThread$WrappingRunnable.run(TaskThread.java:63)
	at java.base/java.lang.Thread.run(Thread.java:840)
2026-01-12 12:00:12.586 [http-nio-8080-exec-1] ERROR c.v.c.c.e.GlobalExceptionHandler - Unexpected error: No static resource api/questionnaire/start.
org.springframework.web.servlet.resource.NoResourceFoundException: No static resource api/questionnaire/start.
	at org.springframework.web.servlet.resource.ResourceHttpRequestHandler.handleRequest(ResourceHttpRequestHandler.java:585)
	at org.springframework.web.servlet.mvc.HttpRequestHandlerAdapter.handle(HttpRequestHandlerAdapter.java:52)
	at org.springframework.web.servlet.DispatcherServlet.doDispatch(DispatcherServlet.java:1089)
	at org.springframework.web.servlet.DispatcherServlet.doService(DispatcherServlet.java:979)
	at org.springframework.web.servlet.FrameworkServlet.processRequest(FrameworkServlet.java:1014)
	at org.springframework.web.servlet.FrameworkServlet.doPost(FrameworkServlet.java:914)
	at jakarta.servlet.http.HttpServlet.service(HttpServlet.java:590)
	at org.springframework.web.servlet.FrameworkServlet.service(FrameworkServlet.java:885)
	at jakarta.servlet.http.HttpServlet.service(HttpServlet.java:658)
	at org.apache.catalina.core.ApplicationFilterChain.internalDoFilter(ApplicationFilterChain.java:193)
	at org.apache.catalina.core.ApplicationFilterChain.doFilter(ApplicationFilterChain.java:138)
	at org.apache.tomcat.websocket.server.WsFilter.doFilter(WsFilter.java:51)
	at org.apache.catalina.core.ApplicationFilterChain.internalDoFilter(ApplicationFilterChain.java:162)
	at org.apache.catalina.core.ApplicationFilterChain.doFilter(ApplicationFilterChain.java:138)
	at org.springframework.web.filter.RequestContextFilter.doFilterInternal(RequestContextFilter.java:100)
	at org.springframework.web.filter.OncePerRequestFilter.doFilter(OncePerRequestFilter.java:116)
	at org.apache.catalina.core.ApplicationFilterChain.internalDoFilter(ApplicationFilterChain.java:162)
	at org.apache.catalina.core.ApplicationFilterChain.doFilter(ApplicationFilterChain.java:138)
	at org.springframework.web.filter.FormContentFilter.doFilterInternal(FormContentFilter.java:93)
	at org.springframework.web.filter.OncePerRequestFilter.doFilter(OncePerRequestFilter.java:116)
	at org.apache.catalina.core.ApplicationFilterChain.internalDoFilter(ApplicationFilterChain.java:162)
	at org.apache.catalina.core.ApplicationFilterChain.doFilter(ApplicationFilterChain.java:138)
	at org.springframework.web.filter.ServerHttpObservationFilter.doFilterInternal(ServerHttpObservationFilter.java:110)
	at org.springframework.web.filter.OncePerRequestFilter.doFilter(OncePerRequestFilter.java:116)
	at org.apache.catalina.core.ApplicationFilterChain.internalDoFilter(ApplicationFilterChain.java:162)
	at org.apache.catalina.core.ApplicationFilterChain.doFilter(ApplicationFilterChain.java:138)
	at org.springframework.web.filter.CharacterEncodingFilter.doFilterInternal(CharacterEncodingFilter.java:201)
	at org.springframework.web.filter.OncePerRequestFilter.doFilter(OncePerRequestFilter.java:116)
	at org.apache.catalina.core.ApplicationFilterChain.internalDoFilter(ApplicationFilterChain.java:162)
	at org.apache.catalina.core.ApplicationFilterChain.doFilter(ApplicationFilterChain.java:138)
	at org.apache.catalina.core.StandardWrapperValve.invoke(StandardWrapperValve.java:165)
	at org.apache.catalina.core.StandardContextValve.invoke(StandardContextValve.java:88)
	at org.apache.catalina.authenticator.AuthenticatorBase.invoke(AuthenticatorBase.java:482)
	at org.apache.catalina.core.StandardHostValve.invoke(StandardHostValve.java:113)
	at org.apache.catalina.valves.ErrorReportValve.invoke(ErrorReportValve.java:83)
	at org.apache.catalina.core.StandardEngineValve.invoke(StandardEngineValve.java:72)
	at org.apache.catalina.connector.CoyoteAdapter.service(CoyoteAdapter.java:342)
	at org.apache.coyote.http11.Http11Processor.service(Http11Processor.java:399)
	at org.apache.coyote.AbstractProcessorLight.process(AbstractProcessorLight.java:63)
	at org.apache.coyote.AbstractProtocol$ConnectionHandler.process(AbstractProtocol.java:903)
	at org.apache.tomcat.util.net.NioEndpoint$SocketProcessor.doRun(NioEndpoint.java:1774)
	at org.apache.tomcat.util.net.SocketProcessorBase.run(SocketProcessorBase.java:52)
	at org.apache.tomcat.util.threads.ThreadPoolExecutor.runWorker(ThreadPoolExecutor.java:973)
	at org.apache.tomcat.util.threads.ThreadPoolExecutor$Worker.run(ThreadPoolExecutor.java:491)
	at org.apache.tomcat.util.threads.TaskThread$WrappingRunnable.run(TaskThread.java:63)
	at java.base/java.lang.Thread.run(Thread.java:840)
2026-01-12 12:00:12.610 [http-nio-8080-exec-1] WARN  o.s.w.s.m.m.a.ExceptionHandlerExceptionResolver - Resolved [org.springframework.web.servlet.resource.NoResourceFoundException: No static resource api/questionnaire/start.]
2026-01-12 12:00:12.610 [http-nio-8080-exec-2] WARN  o.s.w.s.m.m.a.ExceptionHandlerExceptionResolver - Resolved [org.springframework.web.servlet.resource.NoResourceFoundException: No static resource api/questionnaire/start.]
2026-01-12 12:00:28.579 [SpringApplicationShutdownHook] INFO  o.s.b.w.e.tomcat.GracefulShutdown - Commencing graceful shutdown. Waiting for active requests to complete
2026-01-12 12:00:28.581 [tomcat-shutdown] INFO  o.s.b.w.e.tomcat.GracefulShutdown - Graceful shutdown complete
2026-01-12 12:00:33.925 [restartedMain] INFO  c.v.c.ConversationApplication - Starting ConversationApplication using Java 17.0.15 with PID 15827 (/home/hridoy/Downloads/conversation/build/classes/java/main started by hridoy in /home/hridoy/Downloads/conversation)
2026-01-12 12:00:33.927 [restartedMain] INFO  c.v.c.ConversationApplication - No active profile set, falling back to 1 default profile: "default"
2026-01-12 12:00:33.958 [restartedMain] INFO  o.s.b.d.e.DevToolsPropertyDefaultsPostProcessor - Devtools property defaults active! Set 'spring.devtools.add-properties' to 'false' to disable
2026-01-12 12:00:33.959 [restartedMain] INFO  o.s.b.d.e.DevToolsPropertyDefaultsPostProcessor - For additional web related logging consider setting the 'logging.level.web' property to 'DEBUG'
2026-01-12 12:00:34.693 [restartedMain] INFO  o.s.d.r.c.RepositoryConfigurationDelegate - Multiple Spring Data modules found, entering strict repository configuration mode
2026-01-12 12:00:34.694 [restartedMain] INFO  o.s.d.r.c.RepositoryConfigurationDelegate - Bootstrapping Spring Data Redis repositories in DEFAULT mode.
2026-01-12 12:00:34.715 [restartedMain] INFO  o.s.d.r.c.RepositoryConfigurationDelegate - Finished Spring Data repository scanning in 10 ms. Found 0 Redis repository interfaces.
2026-01-12 12:00:35.051 [restartedMain] INFO  o.s.b.w.e.tomcat.TomcatWebServer - Tomcat initialized with port 8080 (http)
2026-01-12 12:00:35.060 [restartedMain] INFO  o.a.catalina.core.StandardService - Starting service [Tomcat]
2026-01-12 12:00:35.060 [restartedMain] INFO  o.a.catalina.core.StandardEngine - Starting Servlet engine: [Apache Tomcat/10.1.50]
2026-01-12 12:00:35.090 [restartedMain] INFO  o.a.c.c.C.[Tomcat].[localhost].[/] - Initializing Spring embedded WebApplicationContext
2026-01-12 12:00:35.090 [restartedMain] INFO  o.s.b.w.s.c.ServletWebServerApplicationContext - Root WebApplicationContext: initialization completed in 1131 ms
2026-01-12 12:00:35.223 [restartedMain] INFO  c.v.conversation.config.RedisConfig - Configuring Redis connection to localhost:6379
2026-01-12 12:00:35.475 [restartedMain] INFO  c.v.conversation.config.RedisConfig - RedisTemplate configured with polymorphic JSON serialization
2026-01-12 12:00:35.479 [restartedMain] INFO  c.v.c.config.AwsConfiguration - Initializing Polly client for region: us-east-1
2026-01-12 12:00:35.793 [restartedMain] INFO  c.v.c.config.AwsConfiguration - Initializing Transcribe Streaming client for region: us-east-1
2026-01-12 12:00:35.854 [restartedMain] INFO  c.v.c.config.AwsConfiguration - Initializing Bedrock Runtime client for region: us-east-1
2026-01-12 12:00:35.900 [restartedMain] INFO  c.v.c.config.SecurityConfig - Configuring CORS for origins: [http://localhost:5173, http://localhost:3000]
2026-01-12 12:00:36.314 [restartedMain] INFO  o.s.b.d.a.OptionalLiveReloadServer - LiveReload server is running on port 35729
2026-01-12 12:00:36.319 [restartedMain] INFO  o.s.b.a.e.web.EndpointLinksResolver - Exposing 2 endpoints beneath base path '/actuator'
2026-01-12 12:00:36.360 [restartedMain] INFO  o.s.b.w.e.tomcat.TomcatWebServer - Tomcat started on port 8080 (http) with context path '/'
2026-01-12 12:00:36.377 [restartedMain] INFO  c.v.c.ConversationApplication - Started ConversationApplication in 2.865 seconds (process running for 3.337)
2026-01-12 12:00:36.907 [RMI TCP Connection(3)-127.0.0.1] INFO  o.a.c.c.C.[Tomcat].[localhost].[/] - Initializing Spring DispatcherServlet 'dispatcherServlet'
2026-01-12 12:00:36.907 [RMI TCP Connection(3)-127.0.0.1] INFO  o.s.web.servlet.DispatcherServlet - Initializing Servlet 'dispatcherServlet'
2026-01-12 12:00:36.910 [RMI TCP Connection(3)-127.0.0.1] INFO  o.s.web.servlet.DispatcherServlet - Completed initialization in 1 ms
2026-01-12 12:00:41.731 [http-nio-8080-exec-2] INFO  c.v.c.c.QuestionnaireController - Starting new questionnaire session
2026-01-12 12:00:41.731 [http-nio-8080-exec-1] INFO  c.v.c.c.QuestionnaireController - Starting new questionnaire session
2026-01-12 12:00:41.752 [http-nio-8080-exec-1] INFO  c.v.c.service.SessionService - Created session: a1e24300-1a10-4e1c-bdcf-4a4862f65d86 with TTL: 30 minutes
2026-01-12 12:00:41.752 [http-nio-8080-exec-2] INFO  c.v.c.service.SessionService - Created session: bcf5782a-fe95-4d42-b931-5e582a8a6053 with TTL: 30 minutes
2026-01-12 12:00:41.823 [http-nio-8080-exec-3] INFO  c.v.c.c.QuestionnaireController - Getting current question for session: bcf5782a-fe95-4d42-b931-5e582a8a6053
2026-01-12 12:00:41.826 [http-nio-8080-exec-4] INFO  c.v.c.c.QuestionnaireController - Getting current question for session: a1e24300-1a10-4e1c-bdcf-4a4862f65d86
2026-01-12 12:00:43.473 [http-nio-8080-exec-5] INFO  c.v.c.c.QuestionnaireController - Getting question audio for session: bcf5782a-fe95-4d42-b931-5e582a8a6053
2026-01-12 12:00:43.475 [http-nio-8080-exec-5] INFO  c.v.c.service.TextToSpeechService - Synthesizing speech for text (length: 79)
2026-01-12 12:00:46.353 [http-nio-8080-exec-5] INFO  c.v.c.service.TextToSpeechService - Speech synthesis successful: 28268 bytes in 2878ms
2026-01-12 12:00:46.360 [http-nio-8080-exec-6] INFO  c.v.c.c.QuestionnaireController - Getting question audio for session: bcf5782a-fe95-4d42-b931-5e582a8a6053
2026-01-12 12:00:46.361 [http-nio-8080-exec-6] INFO  c.v.c.service.TextToSpeechService - Synthesizing speech for text (length: 79)
2026-01-12 12:00:47.485 [http-nio-8080-exec-6] INFO  c.v.c.service.TextToSpeechService - Speech synthesis successful: 28268 bytes in 1124ms
2026-01-12 12:00:56.156 [http-nio-8080-exec-7] INFO  c.v.c.c.QuestionnaireController - Processing voice response for session: bcf5782a-fe95-4d42-b931-5e582a8a6053
2026-01-12 12:00:56.159 [http-nio-8080-exec-7] INFO  c.v.c.s.QuestionnaireOrchestrator - Processing response for session=bcf5782a-fe95-4d42-b931-5e582a8a6053, question=1
2026-01-12 12:00:56.159 [http-nio-8080-exec-7] INFO  c.v.c.service.SpeechToTextService - Starting transcription for 86444 bytes
2026-01-12 12:00:58.815 [http-nio-8080-exec-7] INFO  c.v.c.service.SpeechToTextService - Transcription complete: '' (2656ms)
2026-01-12 12:00:58.815 [http-nio-8080-exec-7] WARN  c.v.c.s.QuestionnaireOrchestrator - Empty transcript for session=bcf5782a-fe95-4d42-b931-5e582a8a6053
2026-01-12 12:00:58.817 [http-nio-8080-exec-7] INFO  c.v.c.s.QuestionnaireOrchestrator - Session=bcf5782a-fe95-4d42-b931-5e582a8a6053, question=1, retryMessage='I didn't quite catch that. Let me repeat the question. Over the past week, how confident have you felt in making healthy food choices?'
2026-01-12 12:00:58.827 [http-nio-8080-exec-8] INFO  c.v.c.c.QuestionnaireController - Getting retry audio for session: bcf5782a-fe95-4d42-b931-5e582a8a6053
2026-01-12 12:00:58.827 [http-nio-8080-exec-8] INFO  c.v.c.service.TextToSpeechService - Synthesizing speech for text (length: 134)
2026-01-12 12:01:00.646 [http-nio-8080-exec-8] INFO  c.v.c.service.TextToSpeechService - Speech synthesis successful: 48284 bytes in 1819ms
2026-01-12 12:01:13.027 [http-nio-8080-exec-9] INFO  c.v.c.c.QuestionnaireController - Processing voice response for session: bcf5782a-fe95-4d42-b931-5e582a8a6053
2026-01-12 12:01:13.029 [http-nio-8080-exec-9] INFO  c.v.c.s.QuestionnaireOrchestrator - Processing response for session=bcf5782a-fe95-4d42-b931-5e582a8a6053, question=1
2026-01-12 12:01:13.029 [http-nio-8080-exec-9] INFO  c.v.c.service.SpeechToTextService - Starting transcription for 117164 bytes
2026-01-12 12:01:15.980 [http-nio-8080-exec-9] INFO  c.v.c.service.SpeechToTextService - Transcription complete: 'Mm, I don't know' (2951ms)
2026-01-12 12:01:15.981 [http-nio-8080-exec-9] INFO  c.v.c.service.ResponseClassifier - Classifying response for Q1: 'Mm, I don't know'
2026-01-12 12:01:18.820 [http-nio-8080-exec-9] INFO  c.v.c.service.ResponseClassifier - Classification result for Q1: matched=false, category=null, confidence=0.15, retryMessage='Thanks for your response! I didn't quite catch that. Could you please try again? Think about the past week and let me know if you felt very confident, somewhat confident, neutral, not very confident, or not confident at all when making healthy food choices.'
2026-01-12 12:01:18.820 [http-nio-8080-exec-9] INFO  c.v.c.s.QuestionnaireOrchestrator - Classification failed: matched=false, confidence=0.15
2026-01-12 12:01:18.821 [http-nio-8080-exec-9] INFO  c.v.c.s.QuestionnaireOrchestrator - Session=bcf5782a-fe95-4d42-b931-5e582a8a6053, question=1, retryMessage='Thanks for your response! I didn't quite catch that. Could you please try again? Think about the past week and let me know if you felt very confident, somewhat confident, neutral, not very confident, or not confident at all when making healthy food choices.'
2026-01-12 12:01:18.828 [http-nio-8080-exec-10] INFO  c.v.c.c.QuestionnaireController - Getting retry audio for session: bcf5782a-fe95-4d42-b931-5e582a8a6053
2026-01-12 12:01:18.829 [http-nio-8080-exec-10] INFO  c.v.c.service.TextToSpeechService - Synthesizing speech for text (length: 257)
2026-01-12 12:01:22.027 [http-nio-8080-exec-10] INFO  c.v.c.service.TextToSpeechService - Speech synthesis successful: 90764 bytes in 3198ms
2026-01-12 12:06:39.048 [SpringApplicationShutdownHook] INFO  o.s.b.w.e.tomcat.GracefulShutdown - Commencing graceful shutdown. Waiting for active requests to complete
2026-01-12 12:06:39.050 [tomcat-shutdown] INFO  o.s.b.w.e.tomcat.GracefulShutdown - Graceful shutdown complete
